<?xml version="1.0" encoding="UTF-8"?>
<robot generator="Robot 4.1.3 (Python 3.10.0 on win32)" generated="20260510 16:11:11.731" rpa="false" schemaversion="2">
<suite id="s1" name="Tests" source="C:\Jenkins-Project\robot-ci-project\tests">
<suite id="s1-s1" name="Login Test" source="C:\Jenkins-Project\robot-ci-project\tests\login_test.robot">
<test id="s1-s1-t1" name="Open Example Website">
<kw name="Open Browser" library="SeleniumLibrary">
<arg>${URL}</arg>
<arg>${BROWSER}</arg>
<doc>Opens a new browser instance to the optional ``url``.</doc>
<msg timestamp="20260510 16:11:12.195" level="INFO">Opening browser 'chrome' to base url 'https://example.com'.</msg>
<status status="PASS" starttime="20260510 16:11:12.195" endtime="20260510 16:11:16.068"/>
</kw>
<kw name="Maximize Browser Window" library="SeleniumLibrary">
<doc>Maximizes current browser window.</doc>
<status status="PASS" starttime="20260510 16:11:16.068" endtime="20260510 16:11:16.100"/>
</kw>
<kw name="Title Should Be" library="SeleniumLibrary">
<arg>Example Domain</arg>
<doc>Verifies that the current page title equals ``title``.</doc>
<msg timestamp="20260510 16:11:16.100" level="INFO">Page title is 'Example Domain'.</msg>
<status status="PASS" starttime="20260510 16:11:16.100" endtime="20260510 16:11:16.100"/>
</kw>
<kw name="Close Browser" library="SeleniumLibrary">
<doc>Closes the current browser.</doc>
<status status="PASS" starttime="20260510 16:11:16.100" endtime="20260510 16:11:18.223"/>
</kw>
<status status="PASS" starttime="20260510 16:11:12.195" endtime="20260510 16:11:18.223"/>
</test>
<status status="PASS" starttime="20260510 16:11:11.758" endtime="20260510 16:11:18.223"/>
</suite>
<status status="PASS" starttime="20260510 16:11:11.731" endtime="20260510 16:11:18.223"/>
</suite>
<statistics>
<total>
<stat pass="1" fail="0" skip="0">All Tests</stat>
</total>
<tag>
</tag>
<suite>
<stat pass="1" fail="0" skip="0" id="s1" name="Tests">Tests</stat>
<stat pass="1" fail="0" skip="0" id="s1-s1" name="Login Test">Tests.Login Test</stat>
</suite>
</statistics>
<errors>
</errors>
</robot>
